Flow report for vdc_top
Sat Apr 09 07:05:02 2011
Quartus II Version 9.1 Build 222 10/21/2009 SJ Web Edition


---------------------
; Table of Contents ;
---------------------
  1. Legal Notice
  2. Flow Summary
  3. Flow Settings
  4. Flow Non-Default Global Settings
  5. Flow Elapsed Time
  6. Flow OS Summary
  7. Flow Log



----------------
; Legal Notice ;
----------------
Copyright (C) 1991-2009 Altera Corporation
Your use of Altera Corporation's design tools, logic functions 
and other software and tools, and its AMPP partner logic 
functions, and any output files from any of the foregoing 
(including device programming or simulation files), and any 
associated documentation or information are expressly subject 
to the terms and conditions of the Altera Program License 
Subscription Agreement, Altera MegaCore Function License 
Agreement, or other applicable license agreement, including, 
without limitation, that your use is for the sole purpose of 
programming logic devices manufactured by Altera and sold by 
Altera or its authorized distributors.  Please refer to the 
applicable agreement for further details.



+------------------------------------------------------------------------------+
; Flow Summary                                                                 ;
+------------------------------------+-----------------------------------------+
; Flow Status                        ; Successful - Sat Apr 09 07:05:02 2011   ;
; Quartus II Version                 ; 9.1 Build 222 10/21/2009 SJ Web Edition ;
; Revision Name                      ; vdc_top                                 ;
; Top-level Entity Name              ; vdc_top                                 ;
; Family                             ; Cyclone II                              ;
; Device                             ; EP2C20F484C7                            ;
; Timing Models                      ; Final                                   ;
; Met timing requirements            ; Yes                                     ;
; Total logic elements               ; 3,638 / 18,752 ( 19 % )                 ;
;     Total combinational functions  ; 2,683 / 18,752 ( 14 % )                 ;
;     Dedicated logic registers      ; 2,557 / 18,752 ( 14 % )                 ;
; Total registers                    ; 2557                                    ;
; Total pins                         ; 184 / 315 ( 58 % )                      ;
; Total virtual pins                 ; 0                                       ;
; Total memory bits                  ; 53,504 / 239,616 ( 22 % )               ;
; Embedded Multiplier 9-bit elements ; 0 / 52 ( 0 % )                          ;
; Total PLLs                         ; 1 / 4 ( 25 % )                          ;
+------------------------------------+-----------------------------------------+


+-----------------------------------------+
; Flow Settings                           ;
+-------------------+---------------------+
; Option            ; Setting             ;
+-------------------+---------------------+
; Start date & time ; 04/09/2011 07:04:06 ;
; Main task         ; Compilation         ;
; Revision Name     ; vdc_top             ;
+-------------------+---------------------+


+---------------------------------------------------------------------------------------------------------------------------+
; Flow Non-Default Global Settings                                                                                          ;
+------------------------------------+---------------------------------------+---------------+-------------+----------------+
; Assignment Name                    ; Value                                 ; Default Value ; Entity Name ; Section Id     ;
+------------------------------------+---------------------------------------+---------------+-------------+----------------+
; COMPILER_SIGNATURE_ID              ; 126165628865.130232544602876          ; --            ; --          ; --             ;
; IP_TOOL_NAME                       ; RAM: 2-PORT                           ; --            ; --          ; --             ;
; IP_TOOL_VERSION                    ; 9.1                                   ; --            ; --          ; --             ;
; MAX_CORE_JUNCTION_TEMP             ; 85                                    ; --            ; --          ; --             ;
; MIN_CORE_JUNCTION_TEMP             ; 0                                     ; --            ; --          ; --             ;
; MISC_FILE                          ; C:/_data/FPGA/PCE/syn_vdc/vdc_top.dpf ; --            ; --          ; --             ;
; PARTITION_COLOR                    ; 16764057                              ; --            ; --          ; Top            ;
; PARTITION_NETLIST_TYPE             ; SOURCE                                ; --            ; --          ; Top            ;
; USE_GENERATED_PHYSICAL_CONSTRAINTS ; Off                                   ; --            ; --          ; eda_blast_fpga ;
+------------------------------------+---------------------------------------+---------------+-------------+----------------+


+-----------------------------------------------------------------------------------------------------------------------------+
; Flow Elapsed Time                                                                                                           ;
+-------------------------+--------------+-------------------------+---------------------+------------------------------------+
; Module Name             ; Elapsed Time ; Average Processors Used ; Peak Virtual Memory ; Total CPU Time (on all processors) ;
+-------------------------+--------------+-------------------------+---------------------+------------------------------------+
; Analysis & Synthesis    ; 00:00:30     ; 1.0                     ; 225 MB              ; 00:00:27                           ;
; Fitter                  ; 00:00:17     ; 1.0                     ; 210 MB              ; 00:00:15                           ;
; Assembler               ; 00:00:03     ; 1.0                     ; 187 MB              ; 00:00:02                           ;
; Classic Timing Analyzer ; 00:00:01     ; 1.0                     ; 139 MB              ; 00:00:01                           ;
; Total                   ; 00:00:51     ; --                      ; --                  ; 00:00:45                           ;
+-------------------------+--------------+-------------------------+---------------------+------------------------------------+


+---------------------------------------------------------------------------------------+
; Flow OS Summary                                                                       ;
+-------------------------+------------------+------------+------------+----------------+
; Module Name             ; Machine Hostname ; OS Name    ; OS Version ; Processor type ;
+-------------------------+------------------+------------+------------+----------------+
; Analysis & Synthesis    ; greg-pc          ; Windows XP ; 5.1        ; i686           ;
; Fitter                  ; greg-pc          ; Windows XP ; 5.1        ; i686           ;
; Assembler               ; greg-pc          ; Windows XP ; 5.1        ; i686           ;
; Classic Timing Analyzer ; greg-pc          ; Windows XP ; 5.1        ; i686           ;
+-------------------------+------------------+------------+------------+----------------+


------------
; Flow Log ;
------------
quartus_map --read_settings_files=on --write_settings_files=off vdc_top -c vdc_top
quartus_fit --read_settings_files=off --write_settings_files=off vdc_top -c vdc_top
quartus_asm --read_settings_files=off --write_settings_files=off vdc_top -c vdc_top
quartus_tan --read_settings_files=off --write_settings_files=off vdc_top -c vdc_top --timing_analysis_only



